2026-05-18T00:02:47  ALLOWED (allowlist)  by=test  cmd=echo hello
2026-05-18T00:02:47  ALLOWED (allowlist)  by=test  cmd=nvidia-smi --query-gpu=name --format=csv,noheader
2026-05-18T00:02:47  APPROVED  by=swarm  id=fab666fc8509  cmd=rm -rf /tmp/danger
2026-05-18T00:02:47  DENIED  by=swarm  id=3daf723baa13  cmd=evil-binary --purge
2026-05-18T00:02:47  DENIED (handler error)  by=swarm  id=9ee836b86db2  cmd=touch /tmp/file  err=RuntimeError('UI dialog crashed')
2026-05-18T00:02:47  ALLOWED (allowlist)  by=test  cmd=echo hi
2026-05-18T00:02:47  APPROVED  by=test  id=2a089dabbddd  cmd=rm '"with spaces"'
2026-05-18T00:02:47  ALLOWED (allowlist)  by=uninstaller  cmd=taskkill /F /IM pythonw.exe
2026-05-18T00:03:11  ALLOWED (allowlist)  by=test  cmd=echo hello
2026-05-18T00:03:11  ALLOWED (allowlist)  by=test  cmd=nvidia-smi --query-gpu=name --format=csv,noheader
2026-05-18T00:03:11  APPROVED  by=swarm  id=0fd95c57e437  cmd=rm -rf /tmp/danger
2026-05-18T00:03:11  DENIED  by=swarm  id=f61a76f1e72d  cmd=evil-binary --purge
2026-05-18T00:03:11  DENIED (handler error)  by=swarm  id=7b0465f217d8  cmd=touch /tmp/file  err=RuntimeError('UI dialog crashed')
2026-05-18T00:03:11  DENIED  by=test  id=8eb136940541  cmd=zz-in-flight-probe arg
2026-05-18T00:03:11  APPROVED  by=test  id=941fd54279da  cmd=rm '"with spaces"'
2026-05-18T00:03:11  ALLOWED (allowlist)  by=uninstaller  cmd=taskkill /F /IM pythonw.exe
2026-05-18T00:05:10  ALLOWED (allowlist)  by=user  cmd=nvidia-smi --query-gpu=name --format=csv,noheader
2026-05-18T00:05:10  APPROVED  by=user  id=73fff06ed16e  cmd=cmd /c 'echo phase5'
2026-05-18T00:05:26  ALLOWED (allowlist)  by=test  cmd=echo hello
2026-05-18T00:05:26  ALLOWED (allowlist)  by=test  cmd=nvidia-smi --query-gpu=name --format=csv,noheader
2026-05-18T00:05:26  APPROVED  by=swarm  id=2f551c084ceb  cmd=rm -rf /tmp/danger
2026-05-18T00:05:26  DENIED  by=swarm  id=e6f4e6c548d7  cmd=evil-binary --purge
2026-05-18T00:05:26  DENIED (handler error)  by=swarm  id=59a314fa8298  cmd=touch /tmp/file  err=RuntimeError('UI dialog crashed')
2026-05-18T00:05:26  DENIED  by=test  id=88819e9fd2b1  cmd=zz-in-flight-probe arg
2026-05-18T00:05:26  APPROVED  by=test  id=45e9b1a60afe  cmd=rm '"with spaces"'
2026-05-18T00:05:26  ALLOWED (allowlist)  by=uninstaller  cmd=taskkill /F /IM pythonw.exe
2026-05-18T08:56:41  ALLOWED (allowlist)  by=test  cmd=echo hello
2026-05-18T08:56:41  ALLOWED (allowlist)  by=test  cmd=nvidia-smi --query-gpu=name --format=csv,noheader
2026-05-18T08:56:41  APPROVED  by=swarm  id=4df4afa04362  cmd=rm -rf /tmp/danger
2026-05-18T08:56:41  DENIED  by=swarm  id=b2f2229149ef  cmd=evil-binary --purge
2026-05-18T08:56:41  DENIED (handler error)  by=swarm  id=9f900dbf4548  cmd=touch /tmp/file  err=RuntimeError('UI dialog crashed')
2026-05-18T08:56:41  DENIED  by=test  id=81561b7db340  cmd=zz-in-flight-probe arg
2026-05-18T08:56:41  APPROVED  by=test  id=97fedaa5ff16  cmd=rm '"with spaces"'
2026-05-18T08:56:41  ALLOWED (allowlist)  by=uninstaller  cmd=taskkill /F /IM pythonw.exe
2026-05-18T09:44:04  ALLOWED (allowlist)  by=test  cmd=echo hello
2026-05-18T09:44:04  ALLOWED (allowlist)  by=test  cmd=nvidia-smi --query-gpu=name --format=csv,noheader
2026-05-18T09:44:04  APPROVED  by=swarm  id=80453c5dda75  cmd=rm -rf /tmp/danger
2026-05-18T09:44:04  DENIED  by=swarm  id=d18923b10464  cmd=evil-binary --purge
2026-05-18T09:44:04  DENIED (handler error)  by=swarm  id=bb17df3d7d3e  cmd=touch /tmp/file  err=RuntimeError('UI dialog crashed')
2026-05-18T09:44:04  DENIED  by=test  id=0d93c83993db  cmd=zz-in-flight-probe arg
2026-05-18T09:44:04  APPROVED  by=test  id=b23027234f82  cmd=rm '"with spaces"'
2026-05-18T09:44:04  ALLOWED (allowlist)  by=uninstaller  cmd=taskkill /F /IM pythonw.exe
2026-05-18T10:04:45  ALLOWED (allowlist)  by=test  cmd=echo hello
2026-05-18T10:04:45  ALLOWED (allowlist)  by=test  cmd=nvidia-smi --query-gpu=name --format=csv,noheader
2026-05-18T10:04:45  APPROVED  by=swarm  id=b18fc9ce4e2b  cmd=rm -rf /tmp/danger
2026-05-18T10:04:45  DENIED  by=swarm  id=ac1a43939df5  cmd=evil-binary --purge
2026-05-18T10:04:45  DENIED (handler error)  by=swarm  id=b6242bd75b8f  cmd=touch /tmp/file  err=RuntimeError('UI dialog crashed')
2026-05-18T10:04:45  DENIED  by=test  id=3246fadaa542  cmd=zz-in-flight-probe arg
2026-05-18T10:04:45  APPROVED  by=test  id=9f6777d49437  cmd=rm '"with spaces"'
2026-05-18T10:04:45  ALLOWED (allowlist)  by=uninstaller  cmd=taskkill /F /IM pythonw.exe
2026-05-18T10:20:56  ALLOWED (allowlist)  by=test  cmd=echo hello
2026-05-18T10:20:56  ALLOWED (allowlist)  by=test  cmd=nvidia-smi --query-gpu=name --format=csv,noheader
2026-05-18T10:20:56  APPROVED  by=swarm  id=b2c4919eb20f  cmd=rm -rf /tmp/danger
2026-05-18T10:20:56  DENIED  by=swarm  id=d064fb8c9547  cmd=evil-binary --purge
2026-05-18T10:20:56  DENIED (handler error)  by=swarm  id=37f8d1dfd5f4  cmd=touch /tmp/file  err=RuntimeError('UI dialog crashed')
2026-05-18T10:20:56  DENIED  by=test  id=bd9cf57fc7e0  cmd=zz-in-flight-probe arg
2026-05-18T10:20:56  APPROVED  by=test  id=11e60d6293d3  cmd=rm '"with spaces"'
2026-05-18T10:20:56  ALLOWED (allowlist)  by=uninstaller  cmd=taskkill /F /IM pythonw.exe
2026-05-18T10:48:38  ALLOWED (allowlist)  by=test  cmd=echo hello
2026-05-18T10:48:38  ALLOWED (allowlist)  by=test  cmd=nvidia-smi --query-gpu=name --format=csv,noheader
2026-05-18T10:48:38  APPROVED  by=swarm  id=ae8cc1e65c48  cmd=rm -rf /tmp/danger
2026-05-18T10:48:38  DENIED  by=swarm  id=f8db15ad2182  cmd=evil-binary --purge
2026-05-18T10:48:38  DENIED (handler error)  by=swarm  id=d6416e8312ae  cmd=touch /tmp/file  err=RuntimeError('UI dialog crashed')
2026-05-18T10:48:38  DENIED  by=test  id=689d5f5f8258  cmd=zz-in-flight-probe arg
2026-05-18T10:48:38  APPROVED  by=test  id=1ca707591d8b  cmd=rm '"with spaces"'
2026-05-18T10:48:38  ALLOWED (allowlist)  by=uninstaller  cmd=taskkill /F /IM pythonw.exe
2026-05-18T15:08:13  ALLOWED (allowlist)  by=test  cmd=echo hello
2026-05-18T15:08:13  ALLOWED (allowlist)  by=test  cmd=nvidia-smi --query-gpu=name --format=csv,noheader
2026-05-18T15:08:13  APPROVED  by=swarm  id=50221ef03c4f  cmd=rm -rf /tmp/danger
2026-05-18T15:08:13  DENIED  by=swarm  id=b8f9dfc1c890  cmd=evil-binary --purge
2026-05-18T15:08:13  DENIED (handler error)  by=swarm  id=ebf3835f301d  cmd=touch /tmp/file  err=RuntimeError('UI dialog crashed')
2026-05-18T15:08:13  DENIED  by=test  id=c18554be399b  cmd=zz-in-flight-probe arg
2026-05-18T15:08:13  APPROVED  by=test  id=17c1d1bae6ab  cmd=rm '"with spaces"'
2026-05-18T15:08:13  ALLOWED (allowlist)  by=uninstaller  cmd=taskkill /F /IM pythonw.exe
2026-05-18T17:32:58  ALLOWED (allowlist)  by=test  cmd=echo hello
2026-05-18T17:32:58  ALLOWED (allowlist)  by=test  cmd=nvidia-smi --query-gpu=name --format=csv,noheader
2026-05-18T17:32:58  APPROVED  by=swarm  id=ab4ba90f3d7e  cmd=rm -rf /tmp/danger
2026-05-18T17:32:58  DENIED  by=swarm  id=e0b1c5a9a6e2  cmd=evil-binary --purge
2026-05-18T17:32:58  DENIED (handler error)  by=swarm  id=64996c770c6b  cmd=touch /tmp/file  err=RuntimeError('UI dialog crashed')
2026-05-18T17:32:58  DENIED  by=test  id=59dab3a7ce3c  cmd=zz-in-flight-probe arg
2026-05-18T17:32:58  APPROVED  by=test  id=0a9ece79af81  cmd=rm '"with spaces"'
2026-05-18T17:32:58  ALLOWED (allowlist)  by=uninstaller  cmd=taskkill /F /IM pythonw.exe
2026-05-18T17:52:24  ALLOWED (allowlist)  by=test  cmd=echo hello
2026-05-18T17:52:24  ALLOWED (allowlist)  by=test  cmd=nvidia-smi --query-gpu=name --format=csv,noheader
2026-05-18T17:52:24  APPROVED  by=swarm  id=7fd04e7d57a4  cmd=rm -rf /tmp/danger
2026-05-18T17:52:24  DENIED  by=swarm  id=740b6606a75a  cmd=evil-binary --purge
2026-05-18T17:52:24  DENIED (handler error)  by=swarm  id=dde383a9239e  cmd=touch /tmp/file  err=RuntimeError('UI dialog crashed')
2026-05-18T17:52:24  DENIED  by=test  id=f1d8df9d3444  cmd=zz-in-flight-probe arg
2026-05-18T17:52:24  APPROVED  by=test  id=6287aa166c46  cmd=rm '"with spaces"'
2026-05-18T17:52:24  ALLOWED (allowlist)  by=uninstaller  cmd=taskkill /F /IM pythonw.exe
