2026-05-18T10:19:13  engine=whisper  ok=True  ms=0  reason=deepgram_failed: DEMOTE_AUDIT_SENTINEL_531482218
2026-05-18T10:19:13  engine=whisper  ok=True  ms=0  reason=deepgram_failed: 403 unauthorized
2026-05-18T10:19:13  engine=whisper  ok=True  ms=0  reason=deepgram_failed: network timeout
2026-05-18T10:19:13  engine=none  ok=False  ms=0  reason=no engine configured
2026-05-18T10:19:13  engine=whisper  ok=False  ms=0  reason=deepgram_failed: cloud down
2026-05-18T10:21:17  engine=whisper  ok=True  ms=0  reason=deepgram_failed: DEMOTE_AUDIT_SENTINEL_278310496
2026-05-18T10:21:17  engine=whisper  ok=True  ms=0  reason=deepgram_failed: 403 unauthorized
2026-05-18T10:21:17  engine=whisper  ok=True  ms=0  reason=deepgram_failed: network timeout
2026-05-18T10:21:17  engine=none  ok=False  ms=0  reason=no engine configured
2026-05-18T10:21:17  engine=whisper  ok=False  ms=0  reason=deepgram_failed: cloud down
2026-05-18T10:49:00  engine=whisper  ok=True  ms=0  reason=deepgram_failed: DEMOTE_AUDIT_SENTINEL_2443760447
2026-05-18T10:49:00  engine=whisper  ok=True  ms=0  reason=deepgram_failed: 403 unauthorized
2026-05-18T10:49:00  engine=whisper  ok=True  ms=0  reason=deepgram_failed: network timeout
2026-05-18T10:49:00  engine=none  ok=False  ms=0  reason=no engine configured
2026-05-18T10:49:00  engine=whisper  ok=False  ms=0  reason=deepgram_failed: cloud down
2026-05-18T15:08:44  engine=whisper  ok=True  ms=0  reason=deepgram_failed: DEMOTE_AUDIT_SENTINEL_2505292644
2026-05-18T15:08:44  engine=whisper  ok=True  ms=0  reason=deepgram_failed: 403 unauthorized
2026-05-18T15:08:44  engine=whisper  ok=True  ms=0  reason=deepgram_failed: network timeout
2026-05-18T15:08:44  engine=none  ok=False  ms=0  reason=no engine configured
2026-05-18T15:08:44  engine=whisper  ok=False  ms=0  reason=deepgram_failed: cloud down
2026-05-18T17:33:25  engine=whisper  ok=True  ms=0  reason=deepgram_failed: DEMOTE_AUDIT_SENTINEL_2551318967
2026-05-18T17:33:25  engine=whisper  ok=True  ms=0  reason=deepgram_failed: 403 unauthorized
2026-05-18T17:33:25  engine=whisper  ok=True  ms=0  reason=deepgram_failed: network timeout
2026-05-18T17:33:25  engine=none  ok=False  ms=0  reason=no engine configured
2026-05-18T17:33:25  engine=whisper  ok=False  ms=0  reason=deepgram_failed: cloud down
2026-05-18T17:52:49  engine=whisper  ok=True  ms=0  reason=deepgram_failed: DEMOTE_AUDIT_SENTINEL_63214831
2026-05-18T17:52:49  engine=whisper  ok=True  ms=0  reason=deepgram_failed: 403 unauthorized
2026-05-18T17:52:49  engine=whisper  ok=True  ms=0  reason=deepgram_failed: network timeout
2026-05-18T17:52:49  engine=none  ok=False  ms=0  reason=no engine configured
2026-05-18T17:52:49  engine=whisper  ok=False  ms=0  reason=deepgram_failed: cloud down
